{"C:\\Users\\Eva\\React-Advanced\\tv-shows\\src\\components\\filmPopups\\storeMovie\\actions.ts": {"path":"C:\\Users\\Eva\\React-Advanced\\tv-shows\\src\\components\\filmPopups\\storeMovie\\actions.ts","statementMap":{"0":{"start":{"line":1,"column":0},"end":{"line":1,"column":null}},"1":{"start":{"line":16,"column":32},"end":{"line":16,"column":48}},"2":{"start":{"line":16,"column":47},"end":{"line":19,"column":3}},"3":{"start":{"line":16,"column":13},"end":{"line":16,"column":32}},"4":{"start":{"line":21,"column":39},"end":{"line":21,"column":46}},"5":{"start":{"line":21,"column":45},"end":{"line":21,"column":85}},"6":{"start":{"line":21,"column":13},"end":{"line":21,"column":39}},"7":{"start":{"line":23,"column":39},"end":{"line":23,"column":54}},"8":{"start":{"line":23,"column":53},"end":{"line":26,"column":3}},"9":{"start":{"line":23,"column":13},"end":{"line":23,"column":39}},"10":{"start":{"line":28,"column":39},"end":{"line":28,"column":55}},"11":{"start":{"line":28,"column":54},"end":{"line":31,"column":3}},"12":{"start":{"line":28,"column":13},"end":{"line":28,"column":39}},"13":{"start":{"line":34,"column":34},"end":{"line":34,"column":50}},"14":{"start":{"line":34,"column":49},"end":{"line":37,"column":3}},"15":{"start":{"line":34,"column":13},"end":{"line":34,"column":34}},"16":{"start":{"line":40,"column":31},"end":{"line":40,"column":47}},"17":{"start":{"line":40,"column":46},"end":{"line":43,"column":3}},"18":{"start":{"line":40,"column":13},"end":{"line":40,"column":31}},"19":{"start":{"line":45,"column":38},"end":{"line":45,"column":45}},"20":{"start":{"line":45,"column":44},"end":{"line":45,"column":82}},"21":{"start":{"line":45,"column":13},"end":{"line":45,"column":38}},"22":{"start":{"line":47,"column":38},"end":{"line":47,"column":53}},"23":{"start":{"line":47,"column":52},"end":{"line":50,"column":3}},"24":{"start":{"line":47,"column":13},"end":{"line":47,"column":38}},"25":{"start":{"line":52,"column":38},"end":{"line":52,"column":45}},"26":{"start":{"line":52,"column":44},"end":{"line":55,"column":3}},"27":{"start":{"line":52,"column":13},"end":{"line":52,"column":38}},"28":{"start":{"line":58,"column":31},"end":{"line":58,"column":47}},"29":{"start":{"line":58,"column":46},"end":{"line":61,"column":3}},"30":{"start":{"line":58,"column":13},"end":{"line":58,"column":31}},"31":{"start":{"line":63,"column":38},"end":{"line":63,"column":45}},"32":{"start":{"line":63,"column":44},"end":{"line":63,"column":82}},"33":{"start":{"line":63,"column":13},"end":{"line":63,"column":38}},"34":{"start":{"line":65,"column":38},"end":{"line":65,"column":53}},"35":{"start":{"line":65,"column":52},"end":{"line":68,"column":3}},"36":{"start":{"line":65,"column":13},"end":{"line":65,"column":38}},"37":{"start":{"line":70,"column":38},"end":{"line":70,"column":54}},"38":{"start":{"line":70,"column":53},"end":{"line":73,"column":3}},"39":{"start":{"line":70,"column":13},"end":{"line":70,"column":38}}},"fnMap":{"0":{"name":"(anonymous_0)","decl":{"start":{"line":16,"column":32},"end":{"line":16,"column":33}},"loc":{"start":{"line":16,"column":42},"end":{"line":16,"column":48}}},"1":{"name":"(anonymous_1)","decl":{"start":{"line":21,"column":39},"end":{"line":21,"column":45}},"loc":{"start":{"line":21,"column":39},"end":{"line":21,"column":46}}},"2":{"name":"(anonymous_2)","decl":{"start":{"line":23,"column":39},"end":{"line":23,"column":40}},"loc":{"start":{"line":23,"column":48},"end":{"line":23,"column":54}}},"3":{"name":"(anonymous_3)","decl":{"start":{"line":28,"column":39},"end":{"line":28,"column":40}},"loc":{"start":{"line":28,"column":49},"end":{"line":28,"column":55}}},"4":{"name":"(anonymous_4)","decl":{"start":{"line":34,"column":34},"end":{"line":34,"column":35}},"loc":{"start":{"line":34,"column":44},"end":{"line":34,"column":50}}},"5":{"name":"(anonymous_5)","decl":{"start":{"line":40,"column":31},"end":{"line":40,"column":32}},"loc":{"start":{"line":40,"column":41},"end":{"line":40,"column":47}}},"6":{"name":"(anonymous_6)","decl":{"start":{"line":45,"column":38},"end":{"line":45,"column":44}},"loc":{"start":{"line":45,"column":38},"end":{"line":45,"column":45}}},"7":{"name":"(anonymous_7)","decl":{"start":{"line":47,"column":38},"end":{"line":47,"column":39}},"loc":{"start":{"line":47,"column":47},"end":{"line":47,"column":53}}},"8":{"name":"(anonymous_8)","decl":{"start":{"line":52,"column":38},"end":{"line":52,"column":44}},"loc":{"start":{"line":52,"column":38},"end":{"line":52,"column":45}}},"9":{"name":"(anonymous_9)","decl":{"start":{"line":58,"column":31},"end":{"line":58,"column":32}},"loc":{"start":{"line":58,"column":41},"end":{"line":58,"column":47}}},"10":{"name":"(anonymous_10)","decl":{"start":{"line":63,"column":38},"end":{"line":63,"column":44}},"loc":{"start":{"line":63,"column":38},"end":{"line":63,"column":45}}},"11":{"name":"(anonymous_11)","decl":{"start":{"line":65,"column":38},"end":{"line":65,"column":39}},"loc":{"start":{"line":65,"column":47},"end":{"line":65,"column":53}}},"12":{"name":"(anonymous_12)","decl":{"start":{"line":70,"column":38},"end":{"line":70,"column":39}},"loc":{"start":{"line":70,"column":48},"end":{"line":70,"column":54}}}},"branchMap":{},"s":{"0":1,"1":1,"2":0,"3":1,"4":1,"5":0,"6":1,"7":1,"8":0,"9":1,"10":1,"11":0,"12":1,"13":1,"14":0,"15":1,"16":1,"17":0,"18":1,"19":1,"20":0,"21":1,"22":1,"23":0,"24":1,"25":1,"26":0,"27":1,"28":1,"29":0,"30":1,"31":1,"32":0,"33":1,"34":1,"35":0,"36":1,"37":1,"38":0,"39":1},"f":{"0":0,"1":0,"2":0,"3":0,"4":0,"5":0,"6":0,"7":0,"8":0,"9":0,"10":0,"11":0,"12":0},"b":{}}
,"C:\\Users\\Eva\\React-Advanced\\tv-shows\\src\\components\\filmPopups\\storeMovie\\types.ts": {"path":"C:\\Users\\Eva\\React-Advanced\\tv-shows\\src\\components\\filmPopups\\storeMovie\\types.ts","statementMap":{"0":{"start":{"line":1,"column":13},"end":{"line":1,"column":57}},"1":{"start":{"line":2,"column":13},"end":{"line":2,"column":73}},"2":{"start":{"line":3,"column":13},"end":{"line":3,"column":73}},"3":{"start":{"line":4,"column":13},"end":{"line":4,"column":69}},"4":{"start":{"line":6,"column":13},"end":{"line":6,"column":63}},"5":{"start":{"line":8,"column":13},"end":{"line":8,"column":53}},"6":{"start":{"line":9,"column":13},"end":{"line":9,"column":69}},"7":{"start":{"line":10,"column":13},"end":{"line":10,"column":69}},"8":{"start":{"line":11,"column":13},"end":{"line":11,"column":65}},"9":{"start":{"line":13,"column":13},"end":{"line":13,"column":53}},"10":{"start":{"line":14,"column":13},"end":{"line":14,"column":69}},"11":{"start":{"line":15,"column":13},"end":{"line":15,"column":69}},"12":{"start":{"line":16,"column":13},"end":{"line":16,"column":65}}},"fnMap":{},"branchMap":{},"s":{"0":1,"1":1,"2":1,"3":1,"4":1,"5":1,"6":1,"7":1,"8":1,"9":1,"10":1,"11":1,"12":1},"f":{},"b":{}}
,"C:\\Users\\Eva\\React-Advanced\\tv-shows\\src\\components\\filmPopups\\storePopups\\actions.ts": {"path":"C:\\Users\\Eva\\React-Advanced\\tv-shows\\src\\components\\filmPopups\\storePopups\\actions.ts","statementMap":{"0":{"start":{"line":1,"column":0},"end":{"line":1,"column":47}},"1":{"start":{"line":4,"column":38},"end":{"line":4,"column":83}},"2":{"start":{"line":4,"column":82},"end":{"line":10,"column":3}},"3":{"start":{"line":4,"column":13},"end":{"line":4,"column":38}}},"fnMap":{"0":{"name":"(anonymous_0)","decl":{"start":{"line":4,"column":38},"end":{"line":4,"column":39}},"loc":{"start":{"line":4,"column":77},"end":{"line":4,"column":83}}}},"branchMap":{},"s":{"0":1,"1":1,"2":0,"3":1},"f":{"0":0},"b":{}}
,"C:\\Users\\Eva\\React-Advanced\\tv-shows\\src\\components\\filmPopups\\storePopups\\types.ts": {"path":"C:\\Users\\Eva\\React-Advanced\\tv-shows\\src\\components\\filmPopups\\storePopups\\types.ts","statementMap":{"0":{"start":{"line":1,"column":13},"end":{"line":1,"column":59}}},"fnMap":{},"branchMap":{},"s":{"0":1},"f":{},"b":{}}
,"C:\\Users\\Eva\\React-Advanced\\tv-shows\\src\\components\\films\\components\\filmsList\\FilmItem.tsx": {"path":"C:\\Users\\Eva\\React-Advanced\\tv-shows\\src\\components\\films\\components\\filmsList\\FilmItem.tsx","statementMap":{"0":{"start":{"line":1,"column":0},"end":{"line":1,"column":26}},"1":{"start":{"line":2,"column":0},"end":{"line":2,"column":61}},"2":{"start":{"line":3,"column":0},"end":{"line":3,"column":43}},"3":{"start":{"line":4,"column":0},"end":{"line":4,"column":56}},"4":{"start":{"line":5,"column":0},"end":{"line":5,"column":40}},"5":{"start":{"line":6,"column":0},"end":{"line":6,"column":79}},"6":{"start":{"line":8,"column":0},"end":{"line":8,"column":74}},"7":{"start":{"line":11,"column":19},"end":{"line":36,"column":1}},"8":{"start":{"line":11,"column":28},"end":{"line":11,"column":30}},"9":{"start":{"line":11,"column":34},"end":{"line":11,"column":36}},"10":{"start":{"line":11,"column":40},"end":{"line":11,"column":42}},"11":{"start":{"line":11,"column":50},"end":{"line":11,"column":52}},"12":{"start":{"line":11,"column":56},"end":{"line":11,"column":58}},"13":{"start":{"line":11,"column":61},"end":{"line":11,"column":63}},"14":{"start":{"line":11,"column":70},"end":{"line":11,"column":79}},"15":{"start":{"line":12,"column":19},"end":{"line":12,"column":32}},"16":{"start":{"line":13,"column":29},"end":{"line":20,"column":3}},"17":{"start":{"line":14,"column":4},"end":{"line":16,"column":null}},"18":{"start":{"line":17,"column":4},"end":{"line":19,"column":null}},"19":{"start":{"line":21,"column":24},"end":{"line":21,"column":110}},"20":{"start":{"line":23,"column":2},"end":{"line":35,"column":null}},"21":{"start":{"line":38,"column":0},"end":{"line":38,"column":26}}},"fnMap":{"0":{"name":"(anonymous_1)","decl":{"start":{"line":11,"column":19},"end":{"line":11,"column":20}},"loc":{"start":{"line":11,"column":79},"end":{"line":36,"column":1}}},"1":{"name":"(anonymous_2)","decl":{"start":{"line":13,"column":29},"end":{"line":13,"column":null}},"loc":{"start":{"line":13,"column":29},"end":{"line":20,"column":3}}}},"branchMap":{"0":{"loc":{"start":{"line":24,"column":4},"end":{"line":24,"column":8}},"type":"binary-expr","locations":[{"start":{"line":24,"column":4},"end":{"line":24,"column":8}},{"start":{"line":25,"column":8},"end":{"line":32,"column":null}}]},"1":{"loc":{"start":{"line":27,"column":28},"end":{"line":27,"column":31}},"type":"cond-expr","locations":[{"start":{"line":27,"column":28},"end":{"line":27,"column":31}},{"start":{"line":27,"column":34},"end":{"line":27,"column":47}}]}},"s":{"0":1,"1":1,"2":1,"3":1,"4":1,"5":1,"6":1,"7":1,"8":1,"9":1,"10":1,"11":1,"12":1,"13":1,"14":1,"15":1,"16":1,"17":0,"18":0,"19":1,"20":1,"21":1},"f":{"0":1,"1":0},"b":{"0":[1,1],"1":[1,0]}}
,"C:\\Users\\Eva\\React-Advanced\\tv-shows\\src\\components\\films\\components\\filmsList\\filmsList.styled.ts": {"path":"C:\\Users\\Eva\\React-Advanced\\tv-shows\\src\\components\\films\\components\\filmsList\\filmsList.styled.ts","statementMap":{"0":{"start":{"line":1,"column":0},"end":{"line":1,"column":39}},"1":{"start":{"line":3,"column":13},"end":{"line":4,"column":null}},"2":{"start":{"line":4,"column":20},"end":{"line":4,"column":null}},"3":{"start":{"line":9,"column":13},"end":{"line":16,"column":null}},"4":{"start":{"line":11,"column":20},"end":{"line":11,"column":null}},"5":{"start":{"line":16,"column":32},"end":{"line":16,"column":null}}},"fnMap":{"0":{"name":"(anonymous_2)","decl":{"start":{"line":4,"column":11},"end":{"line":4,"column":16}},"loc":{"start":{"line":4,"column":16},"end":{"line":4,"column":25}}},"1":{"name":"(anonymous_3)","decl":{"start":{"line":11,"column":11},"end":{"line":11,"column":16}},"loc":{"start":{"line":11,"column":16},"end":{"line":11,"column":25}}},"2":{"name":"(anonymous_4)","decl":{"start":{"line":16,"column":23},"end":{"line":16,"column":28}},"loc":{"start":{"line":16,"column":28},"end":{"line":16,"column":37}}}},"branchMap":{"0":{"loc":{"start":{"line":3,"column":32},"end":{"line":3,"column":null}},"type":"binary-expr","locations":[{"start":{"line":3,"column":32},"end":{"line":3,"column":null}},{"start":{"line":3,"column":32},"end":{"line":7,"column":null}}]},"1":{"loc":{"start":{"line":9,"column":31},"end":{"line":9,"column":null}},"type":"binary-expr","locations":[{"start":{"line":9,"column":31},"end":{"line":9,"column":null}},{"start":{"line":9,"column":31},"end":{"line":19,"column":null}}]}},"s":{"0":1,"1":1,"2":0,"3":1,"4":1,"5":1},"f":{"0":0,"1":1,"2":1},"b":{"0":[1,1],"1":[1,1]}}
,"C:\\Users\\Eva\\React-Advanced\\tv-shows\\src\\components\\films\\components\\filmsList\\store\\actions.ts": {"path":"C:\\Users\\Eva\\React-Advanced\\tv-shows\\src\\components\\films\\components\\filmsList\\store\\actions.ts","statementMap":{"0":{"start":{"line":1,"column":0},"end":{"line":1,"column":81}},"1":{"start":{"line":3,"column":34},"end":{"line":3,"column":41}},"2":{"start":{"line":3,"column":40},"end":{"line":3,"column":69}},"3":{"start":{"line":3,"column":13},"end":{"line":3,"column":34}},"4":{"start":{"line":5,"column":36},"end":{"line":5,"column":51}},"5":{"start":{"line":5,"column":50},"end":{"line":8,"column":3}},"6":{"start":{"line":5,"column":13},"end":{"line":5,"column":36}},"7":{"start":{"line":10,"column":36},"end":{"line":10,"column":52}},"8":{"start":{"line":10,"column":51},"end":{"line":13,"column":3}},"9":{"start":{"line":10,"column":13},"end":{"line":10,"column":36}}},"fnMap":{"0":{"name":"(anonymous_0)","decl":{"start":{"line":3,"column":34},"end":{"line":3,"column":40}},"loc":{"start":{"line":3,"column":34},"end":{"line":3,"column":41}}},"1":{"name":"(anonymous_1)","decl":{"start":{"line":5,"column":36},"end":{"line":5,"column":37}},"loc":{"start":{"line":5,"column":45},"end":{"line":5,"column":51}}},"2":{"name":"(anonymous_2)","decl":{"start":{"line":10,"column":36},"end":{"line":10,"column":37}},"loc":{"start":{"line":10,"column":46},"end":{"line":10,"column":52}}}},"branchMap":{},"s":{"0":2,"1":2,"2":2,"3":2,"4":2,"5":2,"6":2,"7":2,"8":2,"9":2},"f":{"0":2,"1":2,"2":2},"b":{}}
,"C:\\Users\\Eva\\React-Advanced\\tv-shows\\src\\components\\films\\components\\filmsList\\store\\reducers.ts": {"path":"C:\\Users\\Eva\\React-Advanced\\tv-shows\\src\\components\\films\\components\\filmsList\\store\\reducers.ts","statementMap":{"0":{"start":{"line":1,"column":0},"end":{"line":1,"column":81}},"1":{"start":{"line":4,"column":21},"end":{"line":8,"column":2}},"2":{"start":{"line":10,"column":25},"end":{"line":10,"column":47}},"3":{"start":{"line":11,"column":2},"end":{"line":34,"column":null}},"4":{"start":{"line":13,"column":6},"end":{"line":15,"column":null}},"5":{"start":{"line":19,"column":6},"end":{"line":22,"column":null}},"6":{"start":{"line":26,"column":6},"end":{"line":29,"column":null}},"7":{"start":{"line":33,"column":6},"end":{"line":33,"column":19}},"8":{"start":{"line":10,"column":0},"end":{"line":10,"column":25}}},"fnMap":{"0":{"name":"default_1","decl":{"start":{"line":10,"column":0},"end":{"line":10,"column":25}},"loc":{"start":{"line":10,"column":62},"end":{"line":35,"column":1}}}},"branchMap":{"0":{"loc":{"start":{"line":10,"column":25},"end":{"line":10,"column":47}},"type":"if","locations":[{"start":{"line":10,"column":25},"end":{"line":10,"column":47}},{"start":{"line":10,"column":25},"end":{"line":10,"column":47}}]},"1":{"loc":{"start":{"line":12,"column":4},"end":{"line":15,"column":null}},"type":"switch","locations":[{"start":{"line":12,"column":4},"end":{"line":15,"column":null}},{"start":{"line":18,"column":4},"end":{"line":22,"column":null}},{"start":{"line":25,"column":4},"end":{"line":29,"column":null}},{"start":{"line":32,"column":4},"end":{"line":33,"column":19}}]}},"s":{"0":1,"1":1,"2":3,"3":3,"4":1,"5":1,"6":1,"7":0,"8":1},"f":{"0":3},"b":{"0":[0,3],"1":[1,1,1,0]}}
,"C:\\Users\\Eva\\React-Advanced\\tv-shows\\src\\components\\films\\components\\filmsList\\store\\types.ts": {"path":"C:\\Users\\Eva\\React-Advanced\\tv-shows\\src\\components\\films\\components\\filmsList\\store\\types.ts","statementMap":{"0":{"start":{"line":1,"column":13},"end":{"line":1,"column":51}},"1":{"start":{"line":2,"column":13},"end":{"line":2,"column":55}},"2":{"start":{"line":3,"column":13},"end":{"line":3,"column":51}}},"fnMap":{},"branchMap":{},"s":{"0":2,"1":2,"2":2},"f":{},"b":{}}
,"C:\\Users\\Eva\\React-Advanced\\tv-shows\\src\\components\\ui\\MovieMenu\\MovieMenu.tsx": {"path":"C:\\Users\\Eva\\React-Advanced\\tv-shows\\src\\components\\ui\\MovieMenu\\MovieMenu.tsx","statementMap":{"0":{"start":{"line":1,"column":0},"end":{"line":1,"column":40}},"1":{"start":{"line":2,"column":0},"end":{"line":2,"column":79}},"2":{"start":{"line":3,"column":0},"end":{"line":3,"column":76}},"3":{"start":{"line":4,"column":0},"end":{"line":4,"column":40}},"4":{"start":{"line":5,"column":0},"end":{"line":5,"column":71}},"5":{"start":{"line":10,"column":18},"end":{"line":59,"column":1}},"6":{"start":{"line":10,"column":24},"end":{"line":10,"column":41}},"7":{"start":{"line":12,"column":36},"end":{"line":12,"column":60}},"8":{"start":{"line":12,"column":18},"end":{"line":12,"column":20}},"9":{"start":{"line":12,"column":32},"end":{"line":12,"column":36}},"10":{"start":{"line":13,"column":22},"end":{"line":16,"column":3}},"11":{"start":{"line":14,"column":4},"end":{"line":14,"column":24}},"12":{"start":{"line":15,"column":4},"end":{"line":15,"column":29}},"13":{"start":{"line":18,"column":19},"end":{"line":18,"column":32}},"14":{"start":{"line":19,"column":27},"end":{"line":27,"column":3}},"15":{"start":{"line":20,"column":4},"end":{"line":20,"column":24}},"16":{"start":{"line":21,"column":4},"end":{"line":23,"column":null}},"17":{"start":{"line":24,"column":4},"end":{"line":26,"column":null}},"18":{"start":{"line":29,"column":29},"end":{"line":37,"column":3}},"19":{"start":{"line":30,"column":4},"end":{"line":30,"column":24}},"20":{"start":{"line":31,"column":4},"end":{"line":33,"column":null}},"21":{"start":{"line":34,"column":4},"end":{"line":36,"column":null}},"22":{"start":{"line":39,"column":2},"end":{"line":58,"column":null}},"23":{"start":{"line":61,"column":0},"end":{"line":61,"column":25}}},"fnMap":{"0":{"name":"(anonymous_6)","decl":{"start":{"line":10,"column":18},"end":{"line":10,"column":19}},"loc":{"start":{"line":10,"column":41},"end":{"line":59,"column":1}}},"1":{"name":"(anonymous_7)","decl":{"start":{"line":13,"column":22},"end":{"line":13,"column":23}},"loc":{"start":{"line":13,"column":58},"end":{"line":16,"column":3}}},"2":{"name":"(anonymous_8)","decl":{"start":{"line":19,"column":27},"end":{"line":19,"column":28}},"loc":{"start":{"line":19,"column":63},"end":{"line":27,"column":3}}},"3":{"name":"(anonymous_9)","decl":{"start":{"line":29,"column":29},"end":{"line":29,"column":30}},"loc":{"start":{"line":29,"column":65},"end":{"line":37,"column":3}}}},"branchMap":{"0":{"loc":{"start":{"line":46,"column":10},"end":{"line":52,"column":null}},"type":"cond-expr","locations":[{"start":{"line":46,"column":10},"end":{"line":52,"column":null}},{"start":{"line":55,"column":10},"end":{"line":55,"column":15}}]}},"s":{"0":1,"1":1,"2":1,"3":1,"4":1,"5":1,"6":1,"7":1,"8":1,"9":1,"10":1,"11":0,"12":0,"13":1,"14":1,"15":0,"16":0,"17":0,"18":1,"19":0,"20":0,"21":0,"22":1,"23":1},"f":{"0":1,"1":0,"2":0,"3":0},"b":{"0":[0,1]}}
,"C:\\Users\\Eva\\React-Advanced\\tv-shows\\src\\components\\ui\\MovieMenu\\movieMenu.styled.ts": {"path":"C:\\Users\\Eva\\React-Advanced\\tv-shows\\src\\components\\ui\\MovieMenu\\movieMenu.styled.ts","statementMap":{"0":{"start":{"line":1,"column":0},"end":{"line":1,"column":39}},"1":{"start":{"line":3,"column":13},"end":{"line":8,"column":null}},"2":{"start":{"line":7,"column":31},"end":{"line":7,"column":null}},"3":{"start":{"line":8,"column":20},"end":{"line":8,"column":null}},"4":{"start":{"line":19,"column":13},"end":{"line":23,"column":null}},"5":{"start":{"line":22,"column":31},"end":{"line":22,"column":null}},"6":{"start":{"line":23,"column":20},"end":{"line":23,"column":null}},"7":{"start":{"line":30,"column":13},"end":{"line":39,"column":null}},"8":{"start":{"line":35,"column":33},"end":{"line":35,"column":null}},"9":{"start":{"line":36,"column":22},"end":{"line":36,"column":null}},"10":{"start":{"line":39,"column":24},"end":{"line":39,"column":null}}},"fnMap":{"0":{"name":"(anonymous_2)","decl":{"start":{"line":7,"column":22},"end":{"line":7,"column":27}},"loc":{"start":{"line":7,"column":27},"end":{"line":7,"column":36}}},"1":{"name":"(anonymous_3)","decl":{"start":{"line":8,"column":11},"end":{"line":8,"column":16}},"loc":{"start":{"line":8,"column":16},"end":{"line":8,"column":25}}},"2":{"name":"(anonymous_4)","decl":{"start":{"line":22,"column":22},"end":{"line":22,"column":27}},"loc":{"start":{"line":22,"column":27},"end":{"line":22,"column":36}}},"3":{"name":"(anonymous_5)","decl":{"start":{"line":23,"column":11},"end":{"line":23,"column":16}},"loc":{"start":{"line":23,"column":16},"end":{"line":23,"column":25}}},"4":{"name":"(anonymous_6)","decl":{"start":{"line":35,"column":24},"end":{"line":35,"column":29}},"loc":{"start":{"line":35,"column":29},"end":{"line":35,"column":38}}},"5":{"name":"(anonymous_7)","decl":{"start":{"line":36,"column":13},"end":{"line":36,"column":18}},"loc":{"start":{"line":36,"column":18},"end":{"line":36,"column":27}}},"6":{"name":"(anonymous_8)","decl":{"start":{"line":39,"column":15},"end":{"line":39,"column":20}},"loc":{"start":{"line":39,"column":20},"end":{"line":39,"column":29}}}},"branchMap":{"0":{"loc":{"start":{"line":3,"column":44},"end":{"line":3,"column":null}},"type":"binary-expr","locations":[{"start":{"line":3,"column":44},"end":{"line":3,"column":null}},{"start":{"line":3,"column":44},"end":{"line":17,"column":null}}]},"1":{"loc":{"start":{"line":19,"column":36},"end":{"line":19,"column":null}},"type":"binary-expr","locations":[{"start":{"line":19,"column":36},"end":{"line":19,"column":null}},{"start":{"line":19,"column":36},"end":{"line":28,"column":null}}]},"2":{"loc":{"start":{"line":30,"column":36},"end":{"line":30,"column":null}},"type":"binary-expr","locations":[{"start":{"line":30,"column":36},"end":{"line":30,"column":null}},{"start":{"line":30,"column":36},"end":{"line":42,"column":null}}]}},"s":{"0":1,"1":1,"2":1,"3":1,"4":1,"5":0,"6":0,"7":1,"8":0,"9":0,"10":0},"f":{"0":1,"1":1,"2":0,"3":0,"4":0,"5":0,"6":0},"b":{"0":[1,1],"1":[1,1],"2":[1,1]}}
,"C:\\Users\\Eva\\React-Advanced\\tv-shows\\src\\components\\ui\\Title\\Title.tsx": {"path":"C:\\Users\\Eva\\React-Advanced\\tv-shows\\src\\components\\ui\\Title\\Title.tsx","statementMap":{"0":{"start":{"line":1,"column":0},"end":{"line":1,"column":26}},"1":{"start":{"line":2,"column":0},"end":{"line":2,"column":45}},"2":{"start":{"line":3,"column":0},"end":{"line":3,"column":33}},"3":{"start":{"line":5,"column":14},"end":{"line":11,"column":1}},"4":{"start":{"line":6,"column":17},"end":{"line":6,"column":54}},"5":{"start":{"line":8,"column":2},"end":{"line":10,"column":null}},"6":{"start":{"line":13,"column":0},"end":{"line":13,"column":21}}},"fnMap":{"0":{"name":"(anonymous_1)","decl":{"start":{"line":5,"column":14},"end":{"line":5,"column":null}},"loc":{"start":{"line":5,"column":14},"end":{"line":11,"column":1}}}},"branchMap":{},"s":{"0":1,"1":1,"2":1,"3":1,"4":1,"5":1,"6":1},"f":{"0":1},"b":{}}
,"C:\\Users\\Eva\\React-Advanced\\tv-shows\\src\\components\\ui\\Title\\title.styled.ts": {"path":"C:\\Users\\Eva\\React-Advanced\\tv-shows\\src\\components\\ui\\Title\\title.styled.ts","statementMap":{"0":{"start":{"line":1,"column":0},"end":{"line":1,"column":39}},"1":{"start":{"line":3,"column":13},"end":{"line":5,"column":null}},"2":{"start":{"line":5,"column":20},"end":{"line":5,"column":null}}},"fnMap":{"0":{"name":"(anonymous_2)","decl":{"start":{"line":5,"column":11},"end":{"line":5,"column":16}},"loc":{"start":{"line":5,"column":16},"end":{"line":5,"column":25}}}},"branchMap":{"0":{"loc":{"start":{"line":3,"column":36},"end":{"line":3,"column":null}},"type":"binary-expr","locations":[{"start":{"line":3,"column":36},"end":{"line":3,"column":null}},{"start":{"line":3,"column":36},"end":{"line":7,"column":null}}]}},"s":{"0":1,"1":1,"2":1},"f":{"0":1},"b":{"0":[1,1]}}
,"C:\\Users\\Eva\\React-Advanced\\tv-shows\\src\\styles\\general.ts": {"path":"C:\\Users\\Eva\\React-Advanced\\tv-shows\\src\\styles\\general.ts","statementMap":{"0":{"start":{"line":1,"column":0},"end":{"line":1,"column":39}},"1":{"start":{"line":4,"column":13},"end":{"line":7,"column":null}},"2":{"start":{"line":9,"column":13},"end":{"line":13,"column":null}},"3":{"start":{"line":15,"column":13},"end":{"line":19,"column":null}},"4":{"start":{"line":21,"column":13},"end":{"line":24,"column":null}},"5":{"start":{"line":26,"column":13},"end":{"line":29,"column":null}},"6":{"start":{"line":31,"column":13},"end":{"line":34,"column":null}},"7":{"start":{"line":36,"column":13},"end":{"line":40,"column":null}},"8":{"start":{"line":39,"column":20},"end":{"line":39,"column":null}},"9":{"start":{"line":40,"column":31},"end":{"line":40,"column":null}},"10":{"start":{"line":46,"column":13},"end":{"line":48,"column":null}},"11":{"start":{"line":47,"column":20},"end":{"line":47,"column":null}},"12":{"start":{"line":48,"column":31},"end":{"line":48,"column":null}}},"fnMap":{"0":{"name":"(anonymous_2)","decl":{"start":{"line":39,"column":11},"end":{"line":39,"column":16}},"loc":{"start":{"line":39,"column":16},"end":{"line":39,"column":25}}},"1":{"name":"(anonymous_3)","decl":{"start":{"line":40,"column":22},"end":{"line":40,"column":27}},"loc":{"start":{"line":40,"column":27},"end":{"line":40,"column":36}}},"2":{"name":"(anonymous_4)","decl":{"start":{"line":47,"column":11},"end":{"line":47,"column":16}},"loc":{"start":{"line":47,"column":16},"end":{"line":47,"column":25}}},"3":{"name":"(anonymous_5)","decl":{"start":{"line":48,"column":22},"end":{"line":48,"column":27}},"loc":{"start":{"line":48,"column":27},"end":{"line":48,"column":36}}}},"branchMap":{"0":{"loc":{"start":{"line":4,"column":35},"end":{"line":4,"column":null}},"type":"binary-expr","locations":[{"start":{"line":4,"column":35},"end":{"line":4,"column":null}},{"start":{"line":4,"column":35},"end":{"line":7,"column":null}}]},"1":{"loc":{"start":{"line":9,"column":41},"end":{"line":9,"column":null}},"type":"binary-expr","locations":[{"start":{"line":9,"column":41},"end":{"line":9,"column":null}},{"start":{"line":9,"column":41},"end":{"line":13,"column":null}}]},"2":{"loc":{"start":{"line":15,"column":38},"end":{"line":15,"column":null}},"type":"binary-expr","locations":[{"start":{"line":15,"column":38},"end":{"line":15,"column":null}},{"start":{"line":15,"column":38},"end":{"line":19,"column":null}}]},"3":{"loc":{"start":{"line":21,"column":58},"end":{"line":21,"column":null}},"type":"binary-expr","locations":[{"start":{"line":21,"column":58},"end":{"line":21,"column":null}},{"start":{"line":21,"column":58},"end":{"line":24,"column":null}}]},"4":{"loc":{"start":{"line":26,"column":57},"end":{"line":26,"column":null}},"type":"binary-expr","locations":[{"start":{"line":26,"column":57},"end":{"line":26,"column":null}},{"start":{"line":26,"column":57},"end":{"line":29,"column":null}}]},"5":{"loc":{"start":{"line":31,"column":45},"end":{"line":31,"column":null}},"type":"binary-expr","locations":[{"start":{"line":31,"column":45},"end":{"line":31,"column":null}},{"start":{"line":31,"column":45},"end":{"line":34,"column":null}}]},"6":{"loc":{"start":{"line":36,"column":32},"end":{"line":36,"column":null}},"type":"binary-expr","locations":[{"start":{"line":36,"column":32},"end":{"line":36,"column":null}},{"start":{"line":36,"column":32},"end":{"line":44,"column":null}}]},"7":{"loc":{"start":{"line":46,"column":41},"end":{"line":46,"column":null}},"type":"binary-expr","locations":[{"start":{"line":46,"column":41},"end":{"line":46,"column":null}},{"start":{"line":46,"column":41},"end":{"line":57,"column":null}}]}},"s":{"0":1,"1":1,"2":1,"3":1,"4":1,"5":1,"6":1,"7":1,"8":0,"9":0,"10":1,"11":0,"12":0},"f":{"0":0,"1":0,"2":0,"3":0},"b":{"0":[1,1],"1":[1,1],"2":[1,1],"3":[1,1],"4":[1,1],"5":[1,1],"6":[1,1],"7":[1,1]}}
}
