TN:
SF:src\components\filmPopups\storeMovie\actions.ts
FN:16,(anonymous_0)
FN:21,(anonymous_1)
FN:23,(anonymous_2)
FN:28,(anonymous_3)
FN:34,(anonymous_4)
FN:40,(anonymous_5)
FN:45,(anonymous_6)
FN:47,(anonymous_7)
FN:52,(anonymous_8)
FN:58,(anonymous_9)
FN:63,(anonymous_10)
FN:65,(anonymous_11)
FN:70,(anonymous_12)
FNF:13
FNH:0
FNDA:0,(anonymous_0)
FNDA:0,(anonymous_1)
FNDA:0,(anonymous_2)
FNDA:0,(anonymous_3)
FNDA:0,(anonymous_4)
FNDA:0,(anonymous_5)
FNDA:0,(anonymous_6)
FNDA:0,(anonymous_7)
FNDA:0,(anonymous_8)
FNDA:0,(anonymous_9)
FNDA:0,(anonymous_10)
FNDA:0,(anonymous_11)
FNDA:0,(anonymous_12)
DA:1,1
DA:16,1
DA:21,1
DA:23,1
DA:28,1
DA:34,1
DA:40,1
DA:45,1
DA:47,1
DA:52,1
DA:58,1
DA:63,1
DA:65,1
DA:70,1
LF:14
LH:14
BRF:0
BRH:0
end_of_record
TN:
SF:src\components\filmPopups\storeMovie\types.ts
FNF:0
FNH:0
DA:1,1
DA:2,1
DA:3,1
DA:4,1
DA:6,1
DA:8,1
DA:9,1
DA:10,1
DA:11,1
DA:13,1
DA:14,1
DA:15,1
DA:16,1
LF:13
LH:13
BRF:0
BRH:0
end_of_record
TN:
SF:src\components\filmPopups\storePopups\actions.ts
FN:4,(anonymous_0)
FNF:1
FNH:0
FNDA:0,(anonymous_0)
DA:1,1
DA:4,1
LF:2
LH:2
BRF:0
BRH:0
end_of_record
TN:
SF:src\components\filmPopups\storePopups\types.ts
FNF:0
FNH:0
DA:1,1
LF:1
LH:1
BRF:0
BRH:0
end_of_record
TN:
SF:src\components\films\components\filmsList\FilmItem.tsx
FN:11,(anonymous_1)
FN:13,(anonymous_2)
FNF:2
FNH:1
FNDA:1,(anonymous_1)
FNDA:0,(anonymous_2)
DA:1,1
DA:2,1
DA:3,1
DA:4,1
DA:5,1
DA:6,1
DA:8,1
DA:11,1
DA:12,1
DA:13,1
DA:14,0
DA:17,0
DA:21,1
DA:23,1
DA:38,1
LF:15
LH:13
BRDA:24,0,0,1
BRDA:24,0,1,1
BRDA:27,1,0,1
BRDA:27,1,1,0
BRF:4
BRH:3
end_of_record
TN:
SF:src\components\films\components\filmsList\filmsList.styled.ts
FN:4,(anonymous_2)
FN:11,(anonymous_3)
FN:16,(anonymous_4)
FNF:3
FNH:2
FNDA:0,(anonymous_2)
FNDA:1,(anonymous_3)
FNDA:1,(anonymous_4)
DA:1,1
DA:3,1
DA:4,0
DA:9,1
DA:11,1
DA:16,1
LF:6
LH:5
BRDA:3,0,0,1
BRDA:3,0,1,1
BRDA:9,1,0,1
BRDA:9,1,1,1
BRF:4
BRH:4
end_of_record
TN:
SF:src\components\films\components\filmsList\store\actions.ts
FN:3,(anonymous_0)
FN:5,(anonymous_1)
FN:10,(anonymous_2)
FNF:3
FNH:3
FNDA:2,(anonymous_0)
FNDA:2,(anonymous_1)
FNDA:2,(anonymous_2)
DA:1,2
DA:3,2
DA:5,2
DA:10,2
LF:4
LH:4
BRF:0
BRH:0
end_of_record
TN:
SF:src\components\films\components\filmsList\store\reducers.ts
FN:10,default_1
FNF:1
FNH:1
FNDA:3,default_1
DA:1,1
DA:4,1
DA:10,3
DA:11,3
DA:13,1
DA:19,1
DA:26,1
DA:33,0
LF:8
LH:7
BRDA:10,0,0,0
BRDA:10,0,1,3
BRDA:12,1,0,1
BRDA:12,1,1,1
BRDA:12,1,2,1
BRDA:12,1,3,0
BRF:6
BRH:4
end_of_record
TN:
SF:src\components\films\components\filmsList\store\types.ts
FNF:0
FNH:0
DA:1,2
DA:2,2
DA:3,2
LF:3
LH:3
BRF:0
BRH:0
end_of_record
TN:
SF:src\components\ui\MovieMenu\MovieMenu.tsx
FN:10,(anonymous_6)
FN:13,(anonymous_7)
FN:19,(anonymous_8)
FN:29,(anonymous_9)
FNF:4
FNH:1
FNDA:1,(anonymous_6)
FNDA:0,(anonymous_7)
FNDA:0,(anonymous_8)
FNDA:0,(anonymous_9)
DA:1,1
DA:2,1
DA:3,1
DA:4,1
DA:5,1
DA:10,1
DA:12,1
DA:13,1
DA:14,0
DA:15,0
DA:18,1
DA:19,1
DA:20,0
DA:21,0
DA:24,0
DA:29,1
DA:30,0
DA:31,0
DA:34,0
DA:39,1
DA:61,1
LF:21
LH:13
BRDA:46,0,0,0
BRDA:46,0,1,1
BRF:2
BRH:1
end_of_record
TN:
SF:src\components\ui\MovieMenu\movieMenu.styled.ts
FN:7,(anonymous_2)
FN:8,(anonymous_3)
FN:22,(anonymous_4)
FN:23,(anonymous_5)
FN:35,(anonymous_6)
FN:36,(anonymous_7)
FN:39,(anonymous_8)
FNF:7
FNH:2
FNDA:1,(anonymous_2)
FNDA:1,(anonymous_3)
FNDA:0,(anonymous_4)
FNDA:0,(anonymous_5)
FNDA:0,(anonymous_6)
FNDA:0,(anonymous_7)
FNDA:0,(anonymous_8)
DA:1,1
DA:3,1
DA:7,1
DA:8,1
DA:19,1
DA:22,0
DA:23,0
DA:30,1
DA:35,0
DA:36,0
DA:39,0
LF:11
LH:6
BRDA:3,0,0,1
BRDA:3,0,1,1
BRDA:19,1,0,1
BRDA:19,1,1,1
BRDA:30,2,0,1
BRDA:30,2,1,1
BRF:6
BRH:6
end_of_record
TN:
SF:src\components\ui\Title\Title.tsx
FN:5,(anonymous_1)
FNF:1
FNH:1
FNDA:1,(anonymous_1)
DA:1,1
DA:2,1
DA:3,1
DA:5,1
DA:6,1
DA:8,1
DA:13,1
LF:7
LH:7
BRF:0
BRH:0
end_of_record
TN:
SF:src\components\ui\Title\title.styled.ts
FN:5,(anonymous_2)
FNF:1
FNH:1
FNDA:1,(anonymous_2)
DA:1,1
DA:3,1
DA:5,1
LF:3
LH:3
BRDA:3,0,0,1
BRDA:3,0,1,1
BRF:2
BRH:2
end_of_record
TN:
SF:src\styles\general.ts
FN:39,(anonymous_2)
FN:40,(anonymous_3)
FN:47,(anonymous_4)
FN:48,(anonymous_5)
FNF:4
FNH:0
FNDA:0,(anonymous_2)
FNDA:0,(anonymous_3)
FNDA:0,(anonymous_4)
FNDA:0,(anonymous_5)
DA:1,1
DA:4,1
DA:9,1
DA:15,1
DA:21,1
DA:26,1
DA:31,1
DA:36,1
DA:39,0
DA:40,0
DA:46,1
DA:47,0
DA:48,0
LF:13
LH:9
BRDA:4,0,0,1
BRDA:4,0,1,1
BRDA:9,1,0,1
BRDA:9,1,1,1
BRDA:15,2,0,1
BRDA:15,2,1,1
BRDA:21,3,0,1
BRDA:21,3,1,1
BRDA:26,4,0,1
BRDA:26,4,1,1
BRDA:31,5,0,1
BRDA:31,5,1,1
BRDA:36,6,0,1
BRDA:36,6,1,1
BRDA:46,7,0,1
BRDA:46,7,1,1
BRF:16
BRH:16
end_of_record
